# --------------------------------------------------- // System
# downgrade                                            # downgrade packages
trash-cli-git                                        # cli to manage trash files
libinput-gestures                                    # actions touchpad gestures using libinput
gestures                                             # gui for libinput-gestures
btop
rsync
unzip
zip
wget
python-pip
python-pynvim
bolt
bind
nmap
reflector

# --------------------------------------------------- // Theming
sddm-theme-tokyo-night-git
refind
refind-btrfs
plymouth
nwg-displays

# --------------------------------------------------- // Nvidia
nvidia
nvidia-utils
nvtop
libva-nvidia-driver
mesa-utils

# --------------------------------------------------- // Proxmox vdi
virt-viewer
tk

# --------------------------------------------------- // Terminal
fastfetch
fisher
bat
neovim
ripgrep
starship

# --------------------------------------------------- // Dependencies
xdg-desktop-portal-gtk                                 # xdg desktop portal using gtk

# --------------------------------------------------- // Gaming
steam                                                  # gaming platform
gamemode                                               # daemon and library for game optimisations
mangohud                                               # system performance overlay

# --------------------------------------------------- // Music
cava                                                   # audio visualizer
spotify                                                # proprietary music streaming service
spicetify-cli                                          # cli to customize spotify client

# --------------------------------------------------- // Apps
obsidian
brave-bin
helvum
signal-desktop
gparted
appimagelauncher
tailscale
solaar

# --------------------------------------------------- // Development
ansible
visual-studio-code-bin
github-cli

# --------------------------------------------------- // Printing
cups
system-config-printer
avahi
nss-mdns
